Visual Class Library c:\...\smaunse\sistema_medsoft_vfp_9\clases formulario\formularios.vcx has the following errors:
    Unknown AINFO - Undefined

Visual Class Library c:\...\megasistema\smaunse\sistema_medsoft_vfp_9\clases entidad\entidades.vcx has the following errors:
    Unknown APAR - Undefined
    Unknown ARETENCIONES - Undefined

Visual Class Library c:\...\megasistema\smaunse\sistema_medsoft_vfp_9\tareas_procesando\german.vcx has the following errors:
    Unknown APAR - Undefined
    Unknown VALUES - Undefined
    Unknown ARREGLO - Undefined
    Unknown DOM - Undefined

Visual Class Library c:\...\sistema_medsoft_vfp_9\clases formulario\mantenimiento_de_tablas.vcx has the following errors:
    Unknown AMENSAJES - Undefined
    Unknown APARF - Undefined
    Unknown APARI - Undefined
    Unknown APARP - Undefined

Report c:\sistemas\megasistema\smaunse\sistema_medsoft_vfp_9\reportes\afiliados.frx has the following errors:
    Unknown ARESUMEN - Undefined

Visual Class Library c:\...\smaunse\sistema_medsoft_vfp_9\clases formulario\facturacion_1cuotas.vcx has the following errors:
    Unknown OTROS - Undefined
    Unknown ACONCEPTO - Undefined

Visual Class Library c:\...\megasistema\smaunse\sistema_medsoft_vfp_9\clases padres\clase padre.vcx has the following errors:
    Unknown MCAMPOSPED - Undefined
    Unknown MJOIN - Undefined
    Unknown MCAMPOSFILTRO - Undefined
    Unknown AVALORES - Undefined
    Unknown MORDENAMIENTO - Undefined
    Unknown AFILTRO - Undefined

Visual Class Library c:\...\megasistema\smaunse\sistema_medsoft_vfp_9\clases formulario\pagos.vcx has the following errors:
    Unknown AINFO - Undefined
    Unknown AIMPS - Undefined

Visual Class Library c:\...\megasistema\smaunse\sistema_medsoft_vfp_9\tareas_procesando\marcelo.vcx has the following errors:
    Unknown LGBLOQUES - Undefined

Visual Class Library c:\...\smaunse\sistema_medsoft_vfp_9\clases formulario\proveedores.vcx has the following errors:
    Unknown AORDIMP - Undefined
    Unknown AEF - Undefined

Visual Class Library c:\...\sistema_medsoft_vfp_9\clases formulario\facturacion_cuotas_bk.vcx has the following errors:
    Unknown OTROS - Undefined
    Unknown ACONCEPTO - Undefined

Visual Class Library c:\...\smaunse\sistema_medsoft_vfp_9\clases formulario\planes&coberturas.vcx has the following errors:
    Unknown APAR - Undefined

Visual Class Library c:\...\smaunse\sistema_medsoft_vfp_9\clases formulario\afiliados.vcx has the following errors:
    Unknown ADATO - Undefined

Visual Class Library c:\...\smaunse\sistema_medsoft_vfp_9\clases formulario\mcontable.vcx has the following errors:
    Unknown ARETENCIONES - Undefined

Visual Class Library c:\...\smaunse\sistema_medsoft_vfp_9\clases formulario\menus&usuarios1.vcx has the following errors:
    Unknown MCAMPOSPED - Undefined
    Unknown MJOIN - Undefined
    Unknown MCAMPOSFILTRO - Undefined
    Unknown AVALORES - Undefined
    Unknown MORDENAMIENTO - Undefined

Visual Class Library c:\...\smaunse\sistema_medsoft_vfp_9\clases formulario\menus&usuarios.vcx has the following errors:
    Unknown MCAMPOSPED - Undefined
    Unknown MJOIN - Undefined
    Unknown MCAMPOSFILTRO - Undefined
    Unknown AVALORES - Undefined
    Unknown MORDENAMIENTO - Undefined

Visual Class Library c:\...\smaunse\sistema_medsoft_vfp_9\clases formulario\facturacion_cuotas.vcx has the following errors:
    Unknown OTROS - Undefined
    Unknown ACONCEPTO - Undefined

Visual Class Library c:\...\smaunse\sistema_medsoft_vfp_9\clases formulario\mexpediente2.vcx has the following errors:
    Unknown ARETENCIONES - Undefined

Visual Class Library c:\...\clases formulario\ingreso_de_comprobantes_prestadores.vcx has the following errors:
    Unknown APAR - Undefined
    Unknown AGCIAS - Undefined
    Unknown ATIPO - Undefined
    Unknown AGCIA - Undefined
    Unknown ACTB - Undefined
    Unknown AESP - Undefined
    Unknown ADATOS - Undefined

Visual Class Library c:\...\smaunse\sistema_medsoft_vfp_9\clases formulario\mexpediente.vcx has the following errors:
    Unknown ARETENCIONES - Undefined

